TN:
SF:src/api.js
FN:11,(anonymous_0)
FN:15,(anonymous_1)
FN:18,(anonymous_2)
FN:31,(anonymous_3)
FN:37,handler
FN:50,(anonymous_5)
FNF:6
FNH:6
FNDA:1,(anonymous_0)
FNDA:2,(anonymous_1)
FNDA:4,(anonymous_2)
FNDA:1,(anonymous_3)
FNDA:4,handler
FNDA:1,(anonymous_5)
DA:1,1
DA:3,1
DA:8,1
DA:10,1
DA:12,1
DA:13,1
DA:16,2
DA:17,2
DA:18,4
DA:21,2
DA:22,2
DA:24,2
DA:25,1
DA:26,1
DA:29,1
DA:32,1
DA:33,1
DA:38,4
DA:40,4
DA:42,4
DA:43,4
DA:45,4
DA:48,1
DA:50,1
DA:52,1
LF:25
LH:25
BRDA:24,0,0,1
BRDA:24,0,1,1
BRDA:24,1,0,2
BRDA:24,1,1,1
BRDA:43,2,0,4
BRDA:43,2,1,1
BRF:6
BRH:6
end_of_record
